<?xml version="1.0" encoding="UTF-8"?>
<testng-results ignored="0" total="2" passed="2" failed="0" skipped="0">
  <reporter-output>
  </reporter-output>
  <suite started-at="2021-12-20T13:32:36Z" name="Suite" finished-at="2021-12-20T13:32:48Z" duration-ms="11474">
    <groups>
    </groups>
    <test started-at="2021-12-20T13:32:36Z" name="Test" finished-at="2021-12-20T13:32:48Z" duration-ms="11474">
      <class name="OrangeAssessment.Tests">
        <test-method is-config="true" signature="Open_Browser()[pri:0, instance:OrangeAssessment.Tests@13e344d]" started-at="2021-12-20T13:32:36Z" name="Open_Browser" finished-at="2021-12-20T13:32:38Z" duration-ms="1760" status="PASS">
          <reporter-output>
          </reporter-output>
        </test-method> <!-- Open_Browser -->
        <test-method is-config="true" signature="goToWebsite()[pri:0, instance:OrangeAssessment.Tests@13e344d]" started-at="2021-12-20T13:32:38Z" name="goToWebsite" finished-at="2021-12-20T13:32:42Z" duration-ms="3755" status="PASS">
          <reporter-output>
          </reporter-output>
        </test-method> <!-- goToWebsite -->
        <test-method signature="GotoAppPage()[pri:0, instance:OrangeAssessment.Tests@13e344d]" started-at="2021-12-20T13:32:42Z" name="GotoAppPage" finished-at="2021-12-20T13:32:46Z" duration-ms="4180" status="PASS">
          <reporter-output>
          </reporter-output>
        </test-method> <!-- GotoAppPage -->
        <test-method is-config="true" signature="goToWebsite()[pri:0, instance:OrangeAssessment.Tests@13e344d]" started-at="2021-12-20T13:32:46Z" name="goToWebsite" finished-at="2021-12-20T13:32:47Z" duration-ms="1390" status="PASS">
          <reporter-output>
          </reporter-output>
        </test-method> <!-- goToWebsite -->
        <test-method signature="SearchForFaceBook()[pri:0, instance:OrangeAssessment.Tests@13e344d]" started-at="2021-12-20T13:32:47Z" name="SearchForFaceBook" finished-at="2021-12-20T13:32:47Z" duration-ms="220" status="PASS">
          <reporter-output>
          </reporter-output>
        </test-method> <!-- SearchForFaceBook -->
        <test-method is-config="true" signature="close_Browser()[pri:0, instance:OrangeAssessment.Tests@13e344d]" started-at="2021-12-20T13:32:47Z" name="close_Browser" finished-at="2021-12-20T13:32:48Z" duration-ms="152" status="PASS">
          <reporter-output>
          </reporter-output>
        </test-method> <!-- close_Browser -->
      </class> <!-- OrangeAssessment.Tests -->
    </test> <!-- Test -->
  </suite> <!-- Suite -->
</testng-results>
